{
  "RSpec": {
    "coverage": {
      "/Users/dearyhudsoniii/workspaces/amg-v0/lib/amg.rb": {
        "lines": [
          1,
          null,
          1,
          1,
          1,
          null,
          null,
          null,
          1,
          1,
          1,
          1,
          1,
          1,
          1,
          1,
          1,
          1,
          1,
          1
        ]
      },
      "/Users/dearyhudsoniii/workspaces/amg-v0/lib/amg/config.rb": {
        "lines": [
          1,
          null,
          1,
          1,
          null,
          null,
          null,
          1,
          1,
          null,
          1,
          null,
          null,
          null,
          1,
          10,
          10,
          9,
          6,
          6,
          6,
          6,
          6,
          6,
          null,
          null,
          1,
          0,
          null,
          null,
          1,
          null,
          null,
          null,
          null,
          null,
          1,
          12,
          null,
          null,
          1,
          19,
          19,
          null,
          17,
          null,
          null,
          1,
          8,
          7,
          1,
          null,
          null,
          null,
          6,
          null,
          1,
          null,
          null,
          null
        ]
      },
      "/Users/dearyhudsoniii/workspaces/amg-v0/lib/amg/store/db.rb": {
        "lines": [
          1,
          null,
          1,
          1,
          null,
          1,
          1,
          192,
          null,
          null,
          1,
          1,
          null,
          null,
          1,
          1,
          1,
          1,
          1,
          null,
          null,
          null,
          null,
          null,
          1,
          1,
          1,
          null,
          null,
          null,
          null
        ]
      },
      "/Users/dearyhudsoniii/workspaces/amg-v0/lib/amg/store/bootstrap.rb": {
        "lines": [
          1,
          null,
          1,
          1,
          null,
          null,
          1,
          1,
          0,
          0,
          0,
          null,
          null,
          1,
          44,
          44,
          44,
          null,
          43,
          null,
          null,
          1,
          4,
          4,
          null,
          3,
          1,
          null,
          null,
          null,
          1,
          null,
          null,
          2,
          null,
          null,
          null,
          null,
          null,
          null,
          null,
          null,
          null
        ]
      },
      "/Users/dearyhudsoniii/workspaces/amg-v0/lib/amg/crypto/password.rb": {
        "lines": [
          1,
          null,
          1,
          1,
          null,
          1,
          1,
          21,
          null,
          null,
          1,
          21,
          null,
          null,
          null,
          null
        ]
      },
      "/Users/dearyhudsoniii/workspaces/amg-v0/lib/amg/policy.rb": {
        "lines": [
          1,
          1,
          1,
          null,
          1,
          null,
          null,
          1,
          null,
          null,
          null,
          null,
          null,
          null,
          null,
          null,
          null,
          null,
          null,
          null,
          1,
          31,
          null,
          29,
          29,
          null,
          22,
          null,
          null,
          1,
          29,
          50,
          24,
          null,
          1,
          null,
          1,
          46,
          45,
          22,
          null,
          8,
          null,
          1,
          null,
          1,
          8,
          null,
          7,
          7,
          null,
          1,
          null,
          null
        ]
      },
      "/Users/dearyhudsoniii/workspaces/amg-v0/lib/amg/policy/decision.rb": {
        "lines": [
          1,
          1,
          null,
          null,
          null,
          1,
          1,
          null,
          1,
          46,
          46,
          46,
          46,
          null,
          null,
          1,
          43,
          null,
          null,
          1,
          2,
          null,
          null,
          1,
          17,
          null,
          null,
          1,
          29,
          null,
          null,
          1,
          9,
          null,
          null,
          null,
          null,
          null,
          null,
          null
        ]
      },
      "/Users/dearyhudsoniii/workspaces/amg-v0/lib/amg/policy/target_matcher.rb": {
        "lines": [
          1,
          1,
          null,
          null,
          null,
          1,
          1,
          64,
          40,
          23,
          null,
          1,
          null,
          null,
          null,
          1,
          40,
          null,
          1,
          null,
          1,
          23,
          23,
          23,
          null,
          21,
          null,
          1,
          null,
          1,
          46,
          46,
          null,
          44,
          null,
          1,
          null,
          null,
          null,
          1,
          14,
          14,
          14,
          null,
          1,
          null,
          1,
          45,
          37,
          null,
          36,
          36,
          32,
          null,
          31,
          31,
          null,
          31,
          null,
          1,
          null,
          1,
          31,
          null,
          1,
          null,
          null,
          null
        ]
      },
      "/Users/dearyhudsoniii/workspaces/amg-v0/lib/amg/policy/rule_matcher.rb": {
        "lines": [
          1,
          null,
          1,
          1,
          null,
          null,
          null,
          null,
          1,
          1,
          1,
          30,
          null,
          null,
          null,
          1,
          32,
          61,
          32,
          32,
          null,
          null,
          null,
          null,
          null,
          1,
          6,
          null,
          10,
          13,
          null,
          1,
          null,
          1,
          5,
          null,
          5,
          null,
          1,
          null,
          null,
          null
        ]
      },
      "/Users/dearyhudsoniii/workspaces/amg-v0/lib/amg/policy/constraint.rb": {
        "lines": [
          1,
          1,
          null,
          1,
          1,
          null,
          null,
          null,
          1,
          1,
          null,
          null,
          25,
          2,
          3,
          2,
          4,
          6,
          18,
          6,
          4,
          null,
          3,
          null,
          null,
          null,
          1,
          71,
          71,
          71,
          71,
          null,
          71,
          69,
          67,
          null,
          57,
          57,
          null,
          null,
          1,
          4,
          null,
          3,
          3,
          null,
          2,
          null,
          1,
          null,
          1,
          18,
          null,
          16,
          null,
          1,
          null,
          null,
          null
        ]
      },
      "/Users/dearyhudsoniii/workspaces/amg-v0/lib/amg/policy/json_pointer.rb": {
        "lines": [
          1,
          1,
          null,
          null,
          1,
          1,
          null,
          null,
          null,
          null,
          1,
          85,
          84,
          83,
          null,
          180,
          82,
          98,
          null,
          98,
          null,
          null,
          null,
          1,
          98,
          null,
          93,
          null,
          4,
          4,
          null,
          3,
          null,
          1,
          null,
          null,
          1,
          null,
          1,
          4,
          null,
          1,
          null,
          1,
          null,
          1,
          98,
          null,
          1,
          null,
          null,
          null
        ]
      },
      "/Users/dearyhudsoniii/workspaces/amg-v0/lib/amg/audit/redactor.rb": {
        "lines": [
          1,
          1,
          null,
          1,
          1,
          null,
          1,
          1,
          null,
          1,
          18,
          18,
          18,
          18,
          null,
          0,
          null,
          null,
          1,
          80,
          null,
          30,
          54,
          null,
          null,
          15,
          null,
          36,
          null,
          7,
          null,
          null,
          1,
          null,
          1,
          54,
          null,
          1,
          null,
          1,
          36,
          null,
          0,
          null,
          1,
          null,
          null,
          null
        ]
      },
      "/Users/dearyhudsoniii/workspaces/amg-v0/lib/amg/audit/writer.rb": {
        "lines": [
          1,
          1,
          null,
          1,
          1,
          null,
          null,
          null,
          1,
          1,
          1,
          1,
          null,
          1,
          null,
          1,
          1,
          1,
          1,
          1,
          1,
          1,
          2,
          null,
          null,
          1,
          18,
          18,
          0,
          0,
          null,
          18,
          null,
          18,
          null,
          null,
          null,
          null,
          null,
          null,
          1,
          3,
          3,
          114,
          57,
          54,
          null,
          54,
          null,
          null,
          null,
          1,
          1,
          1,
          null,
          null,
          1,
          null,
          1,
          1,
          32,
          32,
          null,
          1,
          null,
          null,
          1,
          33,
          33,
          33,
          33,
          null,
          33,
          null,
          9,
          null,
          0,
          null,
          42,
          null,
          null,
          1,
          57,
          null,
          null,
          null,
          null
        ]
      },
      "/Users/dearyhudsoniii/workspaces/amg-v0/lib/amg/mcp/upstream_manager.rb": {
        "lines": [
          1,
          1,
          1,
          1,
          1,
          null,
          1,
          1,
          null,
          null,
          null,
          1,
          1,
          null,
          1,
          1,
          1,
          1,
          1,
          1,
          null,
          null,
          1,
          7,
          7,
          null,
          null,
          null,
          null,
          null,
          1,
          3,
          3,
          3,
          null,
          null,
          3,
          null,
          3,
          3,
          null,
          null,
          3,
          null,
          null,
          1,
          4,
          null,
          null,
          1,
          10,
          16,
          10,
          10,
          null,
          null,
          null,
          1,
          null,
          1,
          6,
          5,
          1,
          null,
          0,
          null,
          null,
          6,
          6,
          6,
          null,
          null,
          1,
          5,
          5,
          null,
          null,
          1,
          1,
          1,
          null,
          1,
          1,
          null,
          0,
          0,
          null,
          null,
          null,
          null,
          null,
          null,
          null,
          null,
          null,
          null,
          1,
          null,
          null,
          null,
          1,
          1,
          null,
          null,
          null,
          0,
          null,
          0,
          null,
          null,
          null,
          null,
          1,
          3,
          null,
          null,
          null,
          null
        ]
      },
      "/Users/dearyhudsoniii/workspaces/amg-v0/lib/amg/store/oauth_storage.rb": {
        "lines": [
          1,
          1,
          null,
          1,
          1,
          null,
          null,
          null,
          null,
          null,
          null,
          1,
          1,
          9,
          9,
          9,
          null,
          null,
          1,
          11,
          null,
          null,
          null,
          1,
          7,
          null,
          null,
          1,
          4,
          null,
          null,
          1,
          2,
          null,
          null,
          1,
          null,
          1,
          15,
          null,
          null,
          1,
          15,
          15,
          null,
          8,
          8,
          null,
          null,
          1,
          9,
          1,
          null,
          8,
          8,
          null,
          null,
          null,
          1,
          9,
          null,
          null,
          null,
          null,
          null,
          null
        ]
      },
      "/Users/dearyhudsoniii/workspaces/amg-v0/lib/amg/crypto/secret_box.rb": {
        "lines": [
          1,
          null,
          1,
          1,
          null,
          null,
          1,
          1,
          1,
          null,
          1,
          20,
          20,
          20,
          20,
          20,
          20,
          null,
          null,
          1,
          14,
          14,
          null,
          14,
          14,
          14,
          14,
          14,
          14,
          null,
          1,
          null,
          null,
          null,
          null
        ]
      },
      "/Users/dearyhudsoniii/workspaces/amg-v0/lib/amg/store/secrets.rb": {
        "lines": [
          1,
          null,
          1,
          1,
          null,
          null,
          1,
          1,
          null,
          1,
          20,
          8,
          24,
          0,
          4,
          null,
          null,
          null,
          1,
          8,
          null,
          4,
          4,
          null,
          4,
          4,
          null,
          4,
          4,
          null,
          1,
          null,
          1,
          7,
          7,
          null,
          7,
          null,
          null,
          null,
          null,
          null,
          null,
          null,
          null,
          null,
          null,
          null
        ]
      },
      "/Users/dearyhudsoniii/workspaces/amg-v0/lib/amg/mcp/oauth_connector.rb": {
        "lines": [
          1,
          1,
          1,
          1,
          1,
          null,
          1,
          1,
          null,
          null,
          null,
          null,
          null,
          null,
          null,
          null,
          null,
          null,
          null,
          null,
          null,
          null,
          null,
          null,
          null,
          null,
          1,
          1,
          null,
          1,
          null,
          1,
          null,
          1,
          1,
          1,
          null,
          null,
          null,
          null,
          1,
          1,
          1,
          null,
          1,
          1,
          1,
          null,
          1,
          1,
          null,
          null,
          1,
          1,
          1,
          1,
          null,
          null,
          null,
          null,
          null,
          1,
          4,
          2,
          null,
          1,
          1,
          null,
          null,
          1,
          null,
          1,
          1,
          1,
          null,
          null,
          null,
          null,
          null,
          1,
          null,
          null,
          null,
          null,
          null,
          null,
          null,
          null,
          1,
          1,
          1,
          1,
          1,
          null,
          0,
          null,
          null,
          null,
          1,
          1,
          1,
          null,
          null,
          null,
          1,
          1,
          null,
          null,
          1,
          2,
          null,
          0,
          null,
          null,
          null,
          null
        ]
      },
      "/Users/dearyhudsoniii/workspaces/amg-v0/lib/amg/server/rate_limiter.rb": {
        "lines": [
          1,
          1,
          null,
          null,
          null,
          1,
          1,
          1,
          1,
          1,
          1,
          null,
          null,
          null,
          1,
          7,
          7,
          7,
          7,
          null,
          7,
          7,
          null,
          null,
          null,
          1,
          null,
          1,
          7,
          7,
          7,
          7,
          null,
          null,
          1,
          13,
          null,
          null,
          null,
          null
        ]
      },
      "/Users/dearyhudsoniii/workspaces/amg-v0/lib/amg/server/app.rb": {
        "lines": [
          1,
          1,
          1,
          1,
          1,
          1,
          null,
          1,
          1,
          1,
          1,
          null,
          1,
          1,
          1,
          1,
          1,
          null,
          1,
          0,
          0,
          0,
          null,
          null,
          1,
          83,
          null,
          2,
          1,
          null,
          1,
          null,
          null,
          2,
          2,
          null,
          null,
          81,
          16,
          16,
          null,
          null,
          null,
          65,
          7,
          null,
          null,
          58,
          58,
          null,
          null,
          0,
          null,
          0,
          null,
          null,
          1,
          null,
          1,
          0,
          0,
          null,
          0,
          0,
          null,
          null,
          1,
          16,
          16,
          null,
          16,
          16,
          null,
          null,
          null,
          null,
          null,
          null,
          null,
          16,
          16,
          null,
          null,
          1,
          7,
          null,
          7,
          null,
          7,
          15,
          7,
          null,
          null,
          1,
          7,
          null,
          7,
          null,
          null,
          null,
          null,
          null,
          null,
          null,
          null,
          null,
          null,
          null,
          1,
          23,
          23,
          null,
          23,
          null,
          null,
          1,
          23,
          null,
          null,
          null,
          null
        ]
      },
      "/Users/dearyhudsoniii/workspaces/amg-v0/lib/amg/mcp/gateway.rb": {
        "lines": [
          1,
          1,
          null,
          1,
          1,
          null,
          null,
          null,
          null,
          null,
          1,
          1,
          null,
          null,
          1,
          1,
          null,
          1,
          16,
          16,
          16,
          null,
          null,
          1,
          16,
          16,
          null,
          15,
          15,
          null,
          15,
          null,
          null,
          1,
          null,
          1,
          15,
          1,
          1,
          2,
          11,
          0,
          0,
          null,
          null,
          null,
          1,
          1,
          null,
          null,
          null,
          null,
          null,
          null,
          1,
          2,
          2,
          18,
          null,
          6,
          null,
          null,
          1,
          11,
          11,
          11,
          11,
          null,
          11,
          null,
          null,
          11,
          4,
          null,
          7,
          7,
          null,
          null,
          null,
          1,
          4,
          4,
          4,
          null,
          null,
          4,
          null,
          0,
          null,
          0,
          0,
          null,
          null,
          1,
          0,
          0,
          null,
          null,
          1,
          0,
          null,
          null,
          1,
          1,
          null,
          null,
          1,
          0,
          null,
          null,
          1,
          7,
          null,
          null,
          null,
          1,
          4,
          null,
          null,
          1,
          7,
          null,
          null,
          1,
          7,
          7,
          7,
          null,
          null,
          1,
          11,
          null,
          null,
          null,
          null,
          null,
          null,
          null,
          null,
          null,
          null,
          null,
          null,
          null,
          null,
          null,
          1,
          4,
          null,
          null,
          1,
          8,
          null,
          null,
          null,
          null
        ]
      },
      "/Users/dearyhudsoniii/workspaces/amg-v0/lib/amg/store/queries.rb": {
        "lines": [
          1,
          1,
          null,
          1,
          1,
          null,
          null,
          null,
          1,
          1,
          null,
          null,
          null,
          null,
          1,
          23,
          null,
          23,
          23,
          null,
          22,
          22,
          null,
          null,
          1,
          23,
          23,
          null,
          null,
          null,
          null,
          null,
          null,
          null,
          null,
          null,
          null,
          null,
          1,
          null,
          1,
          23,
          null,
          null,
          1,
          18,
          null,
          null,
          null,
          null,
          null,
          null,
          1,
          22,
          22,
          null,
          22,
          null,
          null,
          1,
          2,
          2,
          null,
          2,
          null,
          null,
          1,
          1,
          null,
          0,
          0,
          null,
          null,
          1,
          5,
          null,
          null,
          null,
          null,
          null,
          null,
          null,
          1,
          1,
          null,
          null,
          null,
          null,
          null,
          null,
          null,
          null,
          null,
          1,
          20,
          null,
          null,
          36,
          null,
          null,
          null,
          null,
          null,
          1,
          2,
          null,
          1,
          null,
          null,
          1,
          22,
          null,
          null,
          null,
          null,
          null,
          1,
          null,
          1,
          null,
          44,
          null,
          null,
          null,
          null,
          null,
          null,
          null,
          null,
          null,
          null,
          null,
          null,
          1,
          68,
          0,
          24,
          44,
          0,
          null,
          null,
          1,
          null,
          null,
          null
        ]
      },
      "/Users/dearyhudsoniii/workspaces/amg-v0/lib/amg/crypto/api_key.rb": {
        "lines": [
          1,
          1,
          null,
          1,
          1,
          null,
          1,
          1,
          1,
          1,
          null,
          1,
          16,
          16,
          16,
          16,
          null,
          null,
          1,
          39,
          null,
          null,
          1,
          528,
          16,
          null,
          16,
          16,
          687,
          687,
          null,
          16,
          null,
          1,
          null,
          null,
          null
        ]
      },
      "/Users/dearyhudsoniii/workspaces/amg-v0/lib/amg/rest_proxy/gateway.rb": {
        "lines": [
          1,
          1,
          1,
          1,
          null,
          1,
          1,
          null,
          null,
          null,
          1,
          null,
          1,
          null,
          null,
          1,
          1,
          null,
          null,
          1,
          7,
          7,
          7,
          7,
          null,
          null,
          1,
          7,
          7,
          7,
          null,
          7,
          7,
          null,
          7,
          null,
          null,
          null,
          1,
          null,
          1,
          7,
          7,
          7,
          7,
          null,
          7,
          null,
          null,
          7,
          4,
          null,
          3,
          3,
          null,
          null,
          null,
          1,
          7,
          null,
          null,
          1,
          7,
          5,
          null,
          5,
          null,
          0,
          null,
          null,
          1,
          4,
          4,
          4,
          null,
          4,
          null,
          null,
          4,
          null,
          0,
          0,
          null,
          null,
          1,
          4,
          4,
          null,
          null,
          4,
          null,
          4,
          4,
          null,
          null,
          null,
          1,
          12,
          null,
          null,
          1,
          0,
          null,
          null,
          null,
          1,
          3,
          null,
          null,
          null,
          1,
          null,
          7,
          null,
          null,
          null,
          null,
          null,
          null,
          null,
          null,
          null,
          null,
          null,
          null,
          null,
          null,
          null,
          null,
          1,
          4,
          null,
          null,
          1,
          8,
          null,
          null,
          null,
          null
        ]
      },
      "/Users/dearyhudsoniii/workspaces/amg-v0/lib/amg/admin/api.rb": {
        "lines": [
          1,
          1,
          1,
          1,
          1,
          1,
          1,
          1,
          null,
          1,
          1,
          null,
          null,
          null,
          1,
          1,
          null,
          1,
          1,
          1,
          1,
          1,
          1,
          null,
          1,
          1,
          1,
          1,
          1,
          null,
          1,
          0,
          0,
          0,
          null,
          null,
          1,
          58,
          23,
          20,
          null,
          null,
          3,
          1,
          1,
          1,
          1,
          null,
          null,
          2,
          2,
          2,
          1,
          null,
          null,
          null,
          1,
          null,
          null,
          null,
          null,
          null,
          null,
          null,
          35,
          2,
          null,
          null,
          33,
          33,
          32,
          null,
          31,
          0,
          null,
          null,
          31,
          16,
          null,
          null,
          15,
          1,
          1,
          1,
          null,
          null,
          14,
          4,
          null,
          null,
          10,
          9,
          null,
          null,
          1,
          1,
          null,
          null,
          null,
          1,
          null,
          null,
          null,
          1,
          36,
          null,
          null,
          1,
          38,
          null,
          null,
          null,
          null,
          null,
          null,
          1,
          1,
          null,
          null,
          1,
          20,
          20,
          null,
          20,
          20,
          null,
          19,
          19,
          null,
          19,
          null,
          19,
          null,
          null,
          1,
          23,
          23,
          23,
          null,
          1,
          null,
          null,
          1,
          19,
          null,
          1,
          null,
          null,
          1,
          20,
          null,
          null,
          1,
          0,
          0,
          null,
          null,
          1,
          1,
          1,
          null,
          null,
          null,
          null,
          1,
          0,
          0,
          null,
          null,
          null,
          null,
          1,
          16,
          8,
          8,
          null,
          null,
          10,
          10,
          null,
          null,
          null,
          1,
          10,
          1,
          2,
          0,
          null,
          null,
          9,
          3,
          4,
          2,
          2,
          2,
          null,
          null,
          null,
          null,
          6,
          4,
          null,
          null,
          2,
          2,
          null,
          null,
          null,
          1,
          4,
          3,
          3,
          3,
          null,
          null,
          1,
          1,
          1,
          1,
          null,
          null,
          null,
          1,
          0,
          0,
          0,
          null,
          null,
          1,
          4,
          3,
          3,
          null,
          3,
          null,
          null,
          3,
          3,
          null,
          null,
          1,
          0,
          null,
          null,
          1,
          1,
          1,
          1,
          null,
          1,
          1,
          null,
          null,
          1,
          2,
          2,
          null,
          null,
          2,
          null,
          null,
          1,
          1,
          null,
          null,
          null,
          null,
          1,
          4,
          2,
          0,
          0,
          null,
          4,
          null,
          null,
          2,
          2,
          null,
          null,
          null,
          1,
          2,
          1,
          1,
          1,
          null,
          0,
          0,
          0,
          0,
          0,
          null,
          null,
          null,
          1,
          0,
          0,
          null,
          null,
          1,
          1,
          1,
          null,
          null,
          null,
          1,
          1,
          1,
          null,
          1,
          null,
          null,
          1,
          null,
          0,
          null,
          null,
          null,
          null,
          null,
          1,
          2,
          2,
          2,
          null,
          2,
          2,
          2,
          null,
          null,
          1,
          2,
          2,
          2,
          null,
          2,
          null,
          null,
          null,
          2,
          2,
          2,
          null,
          null,
          1,
          0,
          0,
          0,
          null,
          0,
          0,
          0,
          0,
          0,
          null,
          null,
          1,
          2,
          null,
          2,
          null,
          null,
          1,
          0,
          0,
          null,
          0,
          0,
          0,
          null,
          null,
          null,
          1,
          0,
          0,
          null,
          0,
          null,
          null,
          1,
          null,
          0,
          null,
          null,
          null,
          null,
          null,
          null,
          null,
          null,
          1,
          1,
          1,
          null,
          null,
          1,
          1,
          4,
          1,
          1,
          1,
          null,
          null,
          null,
          null
        ]
      },
      "/Users/dearyhudsoniii/workspaces/amg-v0/lib/amg/admin/session.rb": {
        "lines": [
          1,
          1,
          null,
          1,
          1,
          null,
          null,
          null,
          1,
          1,
          1,
          null,
          1,
          null,
          1,
          20,
          20,
          20,
          null,
          19,
          null,
          null,
          1,
          19,
          19,
          null,
          null,
          null,
          null,
          19,
          null,
          null,
          1,
          1,
          null,
          1,
          null,
          null,
          null,
          null,
          1,
          35,
          null,
          34,
          null,
          null,
          34,
          null,
          null,
          null,
          null,
          34,
          null,
          33,
          null,
          null,
          1,
          54,
          null,
          1,
          null,
          null,
          null
        ]
      },
      "/Users/dearyhudsoniii/workspaces/amg-v0/lib/amg/admin/contracts.rb": {
        "lines": [
          1,
          null,
          1,
          1,
          null,
          1,
          1,
          1,
          1,
          1,
          null,
          null,
          null,
          1,
          1,
          1,
          1,
          null,
          null,
          null,
          1,
          1,
          1,
          1,
          null,
          1,
          1,
          null,
          null,
          null,
          1,
          1,
          1,
          1,
          1,
          1,
          1,
          null,
          1,
          2,
          null,
          null,
          null,
          1,
          1,
          1,
          1,
          1,
          1,
          null,
          1,
          0,
          null,
          null,
          null,
          1,
          1,
          1,
          1,
          1,
          1,
          1,
          1,
          null,
          null,
          null,
          null,
          1,
          1,
          1,
          1,
          1,
          1,
          1,
          1,
          1,
          null,
          null,
          1,
          0,
          null,
          null,
          null,
          1,
          1,
          1,
          1,
          1,
          null,
          null,
          null,
          null,
          null,
          null,
          1,
          1,
          1,
          1,
          1,
          1,
          1,
          1,
          1,
          null,
          null,
          null,
          null,
          null,
          null
        ]
      },
      "/Users/dearyhudsoniii/workspaces/amg-v0/lib/amg/admin/policy_routes.rb": {
        "lines": [
          1,
          1,
          null,
          null,
          null,
          1,
          1,
          9,
          6,
          8,
          null,
          null,
          6,
          null,
          2,
          2,
          2,
          0,
          0,
          null,
          null,
          2,
          null,
          null,
          null,
          1,
          0,
          0,
          0,
          null,
          null,
          1,
          4,
          4,
          4,
          null,
          4,
          4,
          4,
          4,
          null,
          null,
          1,
          0,
          0,
          0,
          null,
          0,
          0,
          0,
          0,
          0,
          null,
          0,
          null,
          null,
          1,
          4,
          5,
          null,
          null,
          null,
          null,
          null,
          null,
          1,
          5,
          5,
          null,
          5,
          6,
          null,
          5,
          5,
          null,
          null,
          null,
          1,
          1,
          1,
          null,
          null,
          null,
          null,
          null,
          null,
          1,
          1,
          1,
          null,
          1,
          1,
          null,
          1,
          null,
          1,
          1,
          null,
          1,
          null,
          null,
          1,
          null,
          null,
          1,
          2,
          2,
          null,
          2,
          2,
          null,
          2,
          4,
          null,
          2,
          null,
          2,
          null,
          null,
          1,
          null,
          2,
          null,
          null,
          null,
          null,
          null,
          null,
          null
        ]
      }
    },
    "timestamp": 1783305622
  }
}
